proguard/seeds.txt
com.yidejia.app.mall.ActiveGoActivity
com.yidejia.app.mall.ActiveGoActivity: ActiveGoActivity()
com.yidejia.app.mall.ComposeActivity
com.yidejia.app.mall.ComposeActivity: ComposeActivity()
com.yidejia.app.mall.GoodsInfoActivity
com.yidejia.app.mall.GoodsInfoActivity: GoodsInfoActivity()
com.yidejia.app.mall.MainActivity
com.yidejia.app.mall.MainActivity: MainActivity()
com.yidejia.app.mall.MainFragmentActivity
com.yidejia.app.mall.MainFragmentActivity: MainFragmentActivity()
com.yidejia.app.mall.MyApplication
com.yidejia.app.mall.MyApplication: MyApplication()
com.yidejia.app.mall.MyMallActivity$InnerReceiver
com.yidejia.app.mall.SearchActivity
com.yidejia.app.mall.SearchActivity: SearchActivity()
com.yidejia.app.mall.SearchResultActivity
com.yidejia.app.mall.SearchResultActivity: SearchResultActivity()
com.yidejia.app.mall.UserPayActivity
com.yidejia.app.mall.UserPayActivity: UserPayActivity()
com.yidejia.app.mall.WelcomeActivity
com.yidejia.app.mall.WelcomeActivity: WelcomeActivity()
com.yidejia.app.mall.address.WheelDemo
com.yidejia.app.mall.address.WheelView
com.yidejia.app.mall.address.WheelView: WheelView(android.content.Context,android.util.AttributeSet,int)
com.yidejia.app.mall.address.WheelView: WheelView(android.content.Context,android.util.AttributeSet)
com.yidejia.app.mall.address.WheelView: WheelView(android.content.Context)
com.yidejia.app.mall.fragment.BaseInfoFragment$InnerReceiver
com.yidejia.app.mall.fragment.CartActivity$InnerReceiver
com.yidejia.app.mall.fragment.ExchangeFragment$InnerReciver
com.yidejia.app.mall.fragment.NoProduceFragment$InnerReceiver
com.yidejia.app.mall.jni.JNICallBack
com.yidejia.app.mall.jni.JNICallBack: java.lang.String getHttp4PostUrl()
com.yidejia.app.mall.jni.JNICallBack: java.lang.String getHttp4ImageUrlPrefix()
com.yidejia.app.mall.jni.JNICallBack: java.lang.String getHttp4DelAddress(java.lang.String,java.lang.String,java.lang.String)
com.yidejia.app.mall.jni.JNICallBack: java.lang.String getHttp4GetAddress(java.lang.String,java.lang.String,java.lang.String,java.lang.String,java.lang.String,java.lang.String)
com.yidejia.app.mall.jni.JNICallBack: java.lang.String getHttp4SaveAddress(java.lang.String,java.lang.String,java.lang.String,java.lang.String,java.lang.String,java.lang.String,java.lang.String,java.lang.String,java.lang.String)
com.yidejia.app.mall.jni.JNICallBack: java.lang.String getHttp4DelComment(java.lang.String)
com.yidejia.app.mall.jni.JNICallBack: java.lang.String getHttp4GetComment(java.lang.String,java.lang.String,java.lang.String,java.lang.String,java.lang.String,java.lang.String)
com.yidejia.app.mall.jni.JNICallBack: java.lang.String getHttp4SaveComment(java.lang.String,java.lang.String,java.lang.String,java.lang.String,java.lang.String,java.lang.String)
com.yidejia.app.mall.jni.JNICallBack: java.lang.String getHttp4GetDistribute(java.lang.String,java.lang.String,java.lang.String,java.lang.String,java.lang.String,java.lang.String)
com.yidejia.app.mall.view.AboutActivity
com.yidejia.app.mall.view.AboutActivity: AboutActivity()
com.yidejia.app.mall.view.AddressActivity
com.yidejia.app.mall.view.AddressActivity: AddressActivity()
com.yidejia.app.mall.view.AllOrderActivity
com.yidejia.app.mall.view.AllOrderActivity: AllOrderActivity()
com.yidejia.app.mall.view.AllOrderActivity: void doClick(android.view.View)
com.yidejia.app.mall.view.AlreadyComActivity
com.yidejia.app.mall.view.AlreadyComActivity: AlreadyComActivity()
com.yidejia.app.mall.view.AlreadyOrderActivity
com.yidejia.app.mall.view.AlreadyOrderActivity: AlreadyOrderActivity()
com.yidejia.app.mall.view.AlreadyOrderActivity: void doClick(android.view.View)
com.yidejia.app.mall.view.CheckActivity
com.yidejia.app.mall.view.CheckActivity: CheckActivity()
com.yidejia.app.mall.view.CstmPayActivity
com.yidejia.app.mall.view.CstmPayActivity: CstmPayActivity()
...
com.actionbarsherlock.app.ActionBar
com.actionbarsherlock.app.ActionBar: int NAVIGATION_MODE_STANDARD
com.actionbarsherlock.app.ActionBar: int NAVIGATION_MODE_LIST
com.actionbarsherlock.app.ActionBar: int NAVIGATION_MODE_TABS
com.actionbarsherlock.app.ActionBar: int DISPLAY_USE_LOGO
com.actionbarsherlock.app.ActionBar: int DISPLAY_SHOW_HOME
com.actionbarsherlock.app.ActionBar: int DISPLAY_HOME_AS_UP
com.actionbarsherlock.app.ActionBar: int DISPLAY_SHOW_TITLE
com.actionbarsherlock.app.ActionBar: int DISPLAY_SHOW_CUSTOM
com.actionbarsherlock.app.ActionBar: ActionBar()
com.actionbarsherlock.app.ActionBar: void setCustomView(android.view.View)
com.actionbarsherlock.app.ActionBar: void setCustomView(android.view.View,com.actionbarsherlock.app.ActionBar$LayoutParams)
com.actionbarsherlock.app.ActionBar: void setCustomView(int)
com.actionbarsherlock.app.ActionBar: void setIcon(int)
com.actionbarsherlock.app.ActionBar: void setIcon(android.graphics.drawable.Drawable)
com.actionbarsherlock.app.ActionBar: void setLogo(int)
com.actionbarsherlock.app.ActionBar: void setLogo(android.graphics.drawable.Drawable)
com.actionbarsherlock.app.ActionBar: void setListNavigationCallbacks(android.widget.SpinnerAdapter,com.actionbarsherlock.app.ActionBar$OnNavigationListener)
com.actionbarsherlock.app.ActionBar: void setSelectedNavigationItem(int)
com.actionbarsherlock.app.ActionBar: int getSelectedNavigationIndex()
com.actionbarsherlock.app.ActionBar$LayoutParams
com.actionbarsherlock.app.ActionBar$LayoutParams: int[] ATTRS
com.actionbarsherlock.app.ActionBar$LayoutParams: int gravity
com.actionbarsherlock.app.ActionBar$LayoutParams: void <clinit>()
com.actionbarsherlock.app.ActionBar$LayoutParams: ActionBar$LayoutParams(android.content.Context,android.util.AttributeSet)
com.actionbarsherlock.app.ActionBar$LayoutParams: ActionBar$LayoutParams(int,int)
com.actionbarsherlock.app.ActionBar$LayoutParams: ActionBar$LayoutParams(int,int,int)
com.actionbarsherlock.app.ActionBar$LayoutParams: ActionBar$LayoutParams(int)
com.actionbarsherlock.app.ActionBar$LayoutParams: ActionBar$LayoutParams(com.actionbarsherlock.app.ActionBar$LayoutParams)
com.actionbarsherlock.app.ActionBar$LayoutParams: ActionBar$LayoutParams(android.view.ViewGroup$LayoutParams)
com.actionbarsherlock.app.ActionBar$OnMenuVisibilityListener
com.actionbarsherlock.app.ActionBar$OnMenuVisibilityListener: void onMenuVisibilityChanged(boolean)
com.actionbarsherlock.app.ActionBar$OnNavigationListener
com.actionbarsherlock.app.ActionBar$OnNavigationListener: boolean onNavigationItemSelected(int,long)