proguard/mapping.txt
com.yidejia.app.mall.ActiveGoActivity -> com.yidejia.app.mall.ActiveGoActivity:
    java.lang.String url -> a
    android.webkit.WebView mWebView -> b
    void onCreate(android.os.Bundle) -> onCreate
    boolean onKeyDown(int,android.view.KeyEvent) -> onKeyDown
    android.webkit.WebView access$0(com.yidejia.app.mall.ActiveGoActivity) -> a
com.yidejia.app.mall.ActiveGoActivity$1 -> com.yidejia.app.mall.a:
    com.yidejia.app.mall.ActiveGoActivity this$0 -> a
    void onClick(android.view.View) -> onClick
com.yidejia.app.mall.ComposeActivity -> com.yidejia.app.mall.ComposeActivity:
    android.widget.ExpandableListView mExpandableListView -> a
    com.yidejia.app.mall.adapter.ComposeExListAdapter adapter -> b
    boolean onCreateOptionsMenu(com.actionbarsherlock.view.Menu) -> onCreateOptionsMenu
    boolean onOptionsItemSelected(com.actionbarsherlock.view.MenuItem) -> onOptionsItemSelected
    void onCreate(android.os.Bundle) -> onCreate
com.yidejia.app.mall.ComposeActivity$1 -> com.yidejia.app.mall.b:
    com.yidejia.app.mall.ComposeActivity this$0 -> a
    void onClick(android.view.View) -> onClick
com.yidejia.app.mall.DataCleanManager -> com.yidejia.app.mall.c:
    void cleanFiles(android.content.Context) -> b
    void cleanApplicationData(android.content.Context) -> a
    void deleteFilesByDirectory(java.io.File) -> a
com.yidejia.app.mall.GoodsInfoActivity -> com.yidejia.app.mall.GoodsInfoActivity:
    android.widget.TextView goodsBasicInfo -> a
    android.widget.TextView goodsDetails -> b
    android.widget.TextView goodsReviews -> c
    java.util.ArrayList fragmentsList -> d
    int currIndex -> e
    int number -> f
    android.widget.Button cartButotn -> g
    android.widget.ImageView refresh_data_btn -> h
    android.widget.RelativeLayout refresh_view -> i
    android.widget.FrameLayout goods_framelayout -> j
    java.lang.String goodsId -> k
    com.yidejia.app.mall.model.ProductBaseInfo info -> l
    com.yidejia.app.mall.GoodsInfoActivity$Task task -> m
    android.app.ProgressDialog bar -> n
    android.widget.TextView titleTextView -> o
    void onCreate(android.os.Bundle) -> onCreate
    void closeTask() -> a
    void onDestroy() -> onDestroy
    void onClick(android.view.View) -> onClick
    android.app.ProgressDialog access$0(com.yidejia.app.mall.GoodsInfoActivity) -> a
    android.widget.FrameLayout access$1(com.yidejia.app.mall.GoodsInfoActivity) -> b
    android.widget.RelativeLayout access$2(com.yidejia.app.mall.GoodsInfoActivity) -> c
    void access$3(com.yidejia.app.mall.GoodsInfoActivity) -> d
    void access$4(com.yidejia.app.mall.GoodsInfoActivity) -> e
    java.lang.String access$5(com.yidejia.app.mall.GoodsInfoActivity) -> f
    void access$6(com.yidejia.app.mall.GoodsInfoActivity,com.yidejia.app.mall.model.ProductBaseInfo) -> a
com.yidejia.app.mall.GoodsInfoActivity$1 -> com.yidejia.app.mall.d:
    com.yidejia.app.mall.GoodsInfoActivity this$0 -> a
    void onCancel(android.content.DialogInterface) -> onCancel
com.yidejia.app.mall.GoodsInfoActivity$2 -> com.yidejia.app.mall.e:
    com.yidejia.app.mall.GoodsInfoActivity this$0 -> a
    void onClick(android.view.View) -> onClick
com.yidejia.app.mall.GoodsInfoActivity$3 -> com.yidejia.app.mall.f:
    com.yidejia.app.mall.GoodsInfoActivity this$0 -> a
    void onClick(android.view.View) -> onClick
com.yidejia.app.mall.GoodsInfoActivity$TabOnClickListener -> com.yidejia.app.mall.g:
    int index -> b
    com.yidejia.app.mall.GoodsInfoActivity this$0 -> a
    void onClick(android.view.View) -> onClick
com.yidejia.app.mall.GoodsInfoActivity$Task -> com.yidejia.app.mall.h:
    com.yidejia.app.mall.GoodsInfoActivity this$0 -> a
    void onPreExecute() -> onPreExecute
    java.lang.Boolean doInBackground$5f8445a4() -> a
    void onPostExecute(java.lang.Object) -> onPostExecute
    java.lang.Object doInBackground(java.lang.Object[]) -> doInBackground
...
com.actionbarsherlock.internal.nineoldandroids.animation.ObjectAnimator -> com.actionbarsherlock.internal.nineoldandroids.animation.ObjectAnimator:
    boolean DBG -> DBG
    java.lang.Object mTarget -> mTarget
    java.lang.String mPropertyName -> mPropertyName
    void setPropertyName(java.lang.String) -> setPropertyName
    java.lang.String getPropertyName() -> getPropertyName
    com.actionbarsherlock.internal.nineoldandroids.animation.ObjectAnimator ofInt(java.lang.Object,java.lang.String,int[]) -> ofInt
    com.actionbarsherlock.internal.nineoldandroids.animation.ObjectAnimator ofFloat(java.lang.Object,java.lang.String,float[]) -> ofFloat
    com.actionbarsherlock.internal.nineoldandroids.animation.ObjectAnimator ofObject(java.lang.Object,java.lang.String,com.actionbarsherlock.internal.nineoldandroids.animation.TypeEvaluator,java.lang.Object[]) -> ofObject
    com.actionbarsherlock.internal.nineoldandroids.animation.ObjectAnimator ofPropertyValuesHolder(java.lang.Object,com.actionbarsherlock.internal.nineoldandroids.animation.PropertyValuesHolder[]) -> ofPropertyValuesHolder
    void setIntValues(int[]) -> setIntValues
    void setFloatValues(float[]) -> setFloatValues
    void setObjectValues(java.lang.Object[]) -> setObjectValues
    void start() -> start
    void initAnimation() -> initAnimation
    com.actionbarsherlock.internal.nineoldandroids.animation.ObjectAnimator setDuration(long) -> setDuration
    java.lang.Object getTarget() -> getTarget
com.actionbarsherlock.internal.nineoldandroids.animation.PropertyValuesHolder -> com.actionbarsherlock.internal.nineoldandroids.animation.PropertyValuesHolder:
    java.lang.String mPropertyName -> mPropertyName
    java.lang.reflect.Method mSetter -> mSetter
    java.lang.reflect.Method mGetter -> mGetter
    java.lang.Class mValueType -> mValueType
    com.actionbarsherlock.internal.nineoldandroids.animation.KeyframeSet mKeyframeSet -> mKeyframeSet
    com.actionbarsherlock.internal.nineoldandroids.animation.TypeEvaluator sIntEvaluator -> sIntEvaluator
    com.actionbarsherlock.internal.nineoldandroids.animation.TypeEvaluator sFloatEvaluator -> sFloatEvaluator
    java.lang.Class[] FLOAT_VARIANTS -> FLOAT_VARIANTS
    java.lang.Class[] INTEGER_VARIANTS -> INTEGER_VARIANTS
    java.lang.Class[] DOUBLE_VARIANTS -> DOUBLE_VARIANTS
    java.util.HashMap sSetterPropertyMap -> sSetterPropertyMap
    java.util.HashMap sGetterPropertyMap -> sGetterPropertyMap
    java.util.concurrent.locks.ReentrantReadWriteLock mPropertyMapLock -> mPropertyMapLock
    java.lang.Object[] mTmpValueArray -> mTmpValueArray
    com.actionbarsherlock.internal.nineoldandroids.animation.TypeEvaluator mEvaluator -> mEvaluator
    java.lang.Object mAnimatedValue -> mAnimatedValue
    com.actionbarsherlock.internal.nineoldandroids.animation.PropertyValuesHolder ofInt(java.lang.String,int[]) -> ofInt
com.actionbarsherlock.internal.nineoldandroids.animation.PropertyValuesHolder$FloatPropertyValuesHolder -> com.actionbarsherlock.internal.nineoldandroids.animation.PropertyValuesHolder$FloatPropertyValuesHolder:
    com.actionbarsherlock.internal.nineoldandroids.animation.FloatKeyframeSet mFloatKeyframeSet -> mFloatKeyframeSet
    float mFloatAnimatedValue -> mFloatAnimatedValue
    void setFloatValues(float[]) -> setFloatValues
    void calculateValue(float) -> calculateValue
    java.lang.Object getAnimatedValue() -> getAnimatedValue
    com.actionbarsherlock.internal.nineoldandroids.animation.PropertyValuesHolder$FloatPropertyValuesHolder clone() -> clone
    void setAnimatedValue(java.lang.Object) -> setAnimatedValue
    void setupSetter(java.lang.Class) -> setupSetter
    com.actionbarsherlock.internal.nineoldandroids.animation.PropertyValuesHolder clone() -> clone