proguard/usage.txt
com.yidejia.app.mall.BuildConfig
com.yidejia.app.mall.DBManager
com.yidejia.app.mall.DataCleanManager:
com.yidejia.app.mall.MainActivity:
    private com.handmark.pulltorefresh.library.PullToRefreshScrollView mPullToRefreshScrollView
    protected android.support.v4.app.ListFragment mFrag
    private android.widget.ViewFlipper viewFlipper
    private android.view.GestureDetector detector
    private static final java.lang.String TAG
    private android.widget.ImageSwitcher imageSwitcher
    android.view.animation.Animation leftInAnimation
    android.view.animation.Animation leftOutAnimation
    android.view.animation.Animation rightInAnimation
    android.view.animation.Animation rightOutAnimation
com.yidejia.app.mall.MainFragmentActivity:
    private java.util.ArrayList fragmentsList
    private android.graphics.Bitmap bmp
com.yidejia.app.mall.MyApplication:
com.yidejia.app.mall.R
com.yidejia.app.mall.R$anim
com.yidejia.app.mall.R$array
com.yidejia.app.mall.R$attr
com.yidejia.app.mall.R$bool
com.yidejia.app.mall.R$color
com.yidejia.app.mall.R$dimen
com.yidejia.app.mall.R$drawable
com.yidejia.app.mall.R$id
com.yidejia.app.mall.R$integer
com.yidejia.app.mall.R$layout
com.yidejia.app.mall.R$menu
com.yidejia.app.mall.R$raw
com.yidejia.app.mall.R$string
com.yidejia.app.mall.R$style
com.yidejia.app.mall.R$styleable
com.yidejia.app.mall.R$xml
com.yidejia.app.mall.SearchActivity:
    private com.yidejia.app.mall.search.SuggestionsAdapter mSuggestionsAdapter
com.yidejia.app.mall.SearchResultActivity:
    private com.yidejia.app.mall.fragment.SelledResultFragment newFragment
    private com.yidejia.app.mall.fragment.SelledResultFragment priceFragment
    private com.yidejia.app.mall.fragment.SelledResultFragment needsFragment
com.yidejia.app.mall.SlideImageLayout:
    private int bmpWidth
    private int bmpHeight
com.yidejia.app.mall.SlideImageLayout$ImageOnClickListener
com.yidejia.app.mall.Test
com.yidejia.app.mall.UserPayActivity:
    private static final java.lang.String SERVER_URL
    private static final java.lang.String TRADE_COMMAND
    static final int MSG_PAY_RESULT
com.yidejia.app.mall.adapter.AllOrderFragmentAdapter
com.yidejia.app.mall.adapter.AlreadyComFragmentAdapter
com.yidejia.app.mall.adapter.AlreadyOrderFragmentAdapter
com.yidejia.app.mall.adapter.BaseFragmentPagerAdapter
com.yidejia.app.mall.adapter.FavoriteAdapter:
com.yidejia.app.mall.adapter.HistoryAdapter:
com.yidejia.app.mall.adapter.ImageAdapter
com.yidejia.app.mall.adapter.ImageAdapter$1
com.yidejia.app.mall.adapter.IntegeralFragmentAdapter:
com.yidejia.app.mall.adapter.MainFragmentPagerAdapter
com.yidejia.app.mall.adapter.MyAdapter
com.yidejia.app.mall.adapter.MyAdapter$MyAdapterView
com.yidejia.app.mall.adapter.SearchListAdapter:
com.yidejia.app.mall.adapter.SearchResultListAdapter
com.yidejia.app.mall.adapter.WaitDeliverFragmentAdapter
com.yidejia.app.mall.adapter.WaitPayFragmentAdapter
com.yidejia.app.mall.address.ArrayWheelAdapter:
    public static final int DEFAULT_LENGTH
    private java.lang.Object[] items
com.yidejia.app.mall.address.NumericWheelAdapter
com.yidejia.app.mall.address.WheelView:
    private static final int SCROLLING_DURATION
    private static final int MIN_DELTA_FOR_SCROLLING
    private static final int VALUE_TEXT_COLOR
    private static final int ITEMS_TEXT_COLOR
    private static final int ADDITIONAL_ITEM_HEIGHT
    private static final int TEXT_SIZE
    private static final int ITEM_OFFSET
    private static final int ADDITIONAL_ITEMS_SPACE
    private static final int LABEL_OFFSET
    private static final int PADDING
    private static final int DEF_VISIBLE_ITEMS
com.yidejia.app.mall.ctrl.GlobalSearchItems
com.yidejia.app.mall.ctrl.RefreshCallBack
com.yidejia.app.mall.ctrl.RetViewCtrl:
    private android.widget.LinearLayout linearLayout
com.yidejia.app.mall.datamanage.AddressDataManage:
...
com.nostra13.universalimageloader.cache.memory.impl.LruMemoryCache:
====    126:127:public void clear()
com.nostra13.universalimageloader.cache.memory.impl.UsingFreqLimitedMemoryCache
com.nostra13.universalimageloader.cache.memory.impl.WeakMemoryCache
com.nostra13.universalimageloader.core.DefaultConfigurationFactory:
====    50:50:public DefaultConfigurationFactory()
com.nostra13.universalimageloader.core.DisplayBitmapTask:
    private static final java.lang.String LOG_DISPLAY_IMAGE_IN_IMAGEVIEW
    private static final java.lang.String LOG_TASK_CANCELLED_IMAGEVIEW_REUSED
    private static final java.lang.String LOG_TASK_CANCELLED_IMAGEVIEW_LOST
com.nostra13.universalimageloader.core.DisplayImageOptions$Builder:
====    237:238:public com.nostra13.universalimageloader.core.DisplayImageOptions$Builder resetViewBeforeLoading()
====    243:244:public com.nostra13.universalimageloader.core.DisplayImageOptions$Builder resetViewBeforeLoading(boolean)
====    253:254:public com.nostra13.universalimageloader.core.DisplayImageOptions$Builder cacheInMemory()
====    269:270:public com.nostra13.universalimageloader.core.DisplayImageOptions$Builder cacheOnDisc()
====    290:292:public com.nostra13.universalimageloader.core.DisplayImageOptions$Builder bitmapConfig(android.graphics.Bitmap$Config)
====    304:306:public com.nostra13.universalimageloader.core.DisplayImageOptions$Builder decodingOptions(android.graphics.BitmapFactory$Options)
====    311:312:public com.nostra13.universalimageloader.core.DisplayImageOptions$Builder delayBeforeLoading(int)
====    317:318:public com.nostra13.universalimageloader.core.DisplayImageOptions$Builder extraForDownloader(java.lang.Object)
====    327:328:public com.nostra13.universalimageloader.core.DisplayImageOptions$Builder preProcessor(com.nostra13.universalimageloader.core.process.BitmapProcessor)
====    336:337:public com.nostra13.universalimageloader.core.DisplayImageOptions$Builder postProcessor(com.nostra13.universalimageloader.core.process.BitmapProcessor)
====    345:347:public com.nostra13.universalimageloader.core.DisplayImageOptions$Builder displayer(com.nostra13.universalimageloader.core.display.BitmapDisplayer)
com.nostra13.universalimageloader.core.ImageLoader:
    static final java.lang.String LOG_INIT_CONFIG
    static final java.lang.String LOG_DESTROY
    static final java.lang.String LOG_LOAD_IMAGE_FROM_MEMORY_CACHE
    private static final java.lang.String WARNING_RE_INIT_CONFIG
    private static final java.lang.String ERROR_WRONG_ARGUMENTS
    private static final java.lang.String ERROR_NOT_INIT
    private static final java.lang.String ERROR_INIT_CONFIG_WITH_NULL